<?xml version="1.0" encoding="UTF-8"?>
<testng-results ignored="0" total="2" passed="2" failed="0" skipped="0">
  <reporter-output>
  </reporter-output>
  <suite started-at="2019-11-06T15:02:56Z" name="com.crm.qa.testcases.LoginPageTest" finished-at="2019-11-06T15:03:20Z" duration-ms="24406">
    <groups>
    </groups>
    <test started-at="2019-11-06T15:02:56Z" name="Command line test" finished-at="2019-11-06T15:03:20Z" duration-ms="24406">
      <class name="com.crm.qa.testcases.LoginPageTest">
        <test-method is-config="true" signature="setUp()[pri:0, instance:com.crm.qa.testcases.LoginPageTest@5ccddd20]" started-at="2019-11-06T09:02:56Z" name="setUp" finished-at="2019-11-06T09:03:07Z" duration-ms="11720" status="PASS">
          <reporter-output>
          </reporter-output>
        </test-method> <!-- setUp -->
        <test-method signature="loginPageTitleTest()[pri:1, instance:com.crm.qa.testcases.LoginPageTest@5ccddd20]" started-at="2019-11-06T09:03:07Z" name="loginPageTitleTest" finished-at="2019-11-06T09:03:07Z" duration-ms="6" status="PASS">
          <reporter-output>
          </reporter-output>
        </test-method> <!-- loginPageTitleTest -->
        <test-method is-config="true" signature="tearDown()[pri:0, instance:com.crm.qa.testcases.LoginPageTest@5ccddd20]" started-at="2019-11-06T09:03:07Z" name="tearDown" finished-at="2019-11-06T09:03:08Z" duration-ms="594" status="PASS">
          <reporter-output>
          </reporter-output>
        </test-method> <!-- tearDown -->
        <test-method is-config="true" signature="setUp()[pri:0, instance:com.crm.qa.testcases.LoginPageTest@5ccddd20]" started-at="2019-11-06T09:03:08Z" name="setUp" finished-at="2019-11-06T09:03:19Z" duration-ms="11287" status="PASS">
          <reporter-output>
          </reporter-output>
        </test-method> <!-- setUp -->
        <test-method signature="loginTest()[pri:2, instance:com.crm.qa.testcases.LoginPageTest@5ccddd20]" started-at="2019-11-06T09:03:19Z" name="loginTest" finished-at="2019-11-06T09:03:19Z" duration-ms="205" status="PASS">
          <reporter-output>
          </reporter-output>
        </test-method> <!-- loginTest -->
        <test-method is-config="true" signature="tearDown()[pri:0, instance:com.crm.qa.testcases.LoginPageTest@5ccddd20]" started-at="2019-11-06T09:03:19Z" name="tearDown" finished-at="2019-11-06T09:03:20Z" duration-ms="576" status="PASS">
          <reporter-output>
          </reporter-output>
        </test-method> <!-- tearDown -->
      </class> <!-- com.crm.qa.testcases.LoginPageTest -->
    </test> <!-- Command line test -->
  </suite> <!-- com.crm.qa.testcases.LoginPageTest -->
</testng-results>
