<?xml version="1.0" encoding="UTF-8"?>
<testng-results ignored="0" total="2" passed="2" failed="0" skipped="0">
  <reporter-output>
  </reporter-output>
  <suite started-at="2019-11-06T04:04:43Z" name="Default suite" finished-at="2019-11-06T04:05:07Z" duration-ms="24423">
    <groups>
    </groups>
    <test started-at="2019-11-06T04:04:43Z" name="Default test" finished-at="2019-11-06T04:05:07Z" duration-ms="24423">
      <class name="com.crm.qa.testcases.LoginPageTest">
        <test-method is-config="true" signature="setUp()[pri:0, instance:com.crm.qa.testcases.LoginPageTest@6f3b5d16]" started-at="2019-11-05T22:04:43Z" name="setUp" finished-at="2019-11-05T22:04:55Z" duration-ms="11700" status="PASS">
          <reporter-output>
          </reporter-output>
        </test-method> <!-- setUp -->
        <test-method signature="loginPageTitleTest()[pri:1, instance:com.crm.qa.testcases.LoginPageTest@6f3b5d16]" started-at="2019-11-05T22:04:55Z" name="loginPageTitleTest" finished-at="2019-11-05T22:04:55Z" duration-ms="9" status="PASS">
          <reporter-output>
          </reporter-output>
        </test-method> <!-- loginPageTitleTest -->
        <test-method is-config="true" signature="tearDown()[pri:0, instance:com.crm.qa.testcases.LoginPageTest@6f3b5d16]" started-at="2019-11-05T22:04:55Z" name="tearDown" finished-at="2019-11-05T22:04:55Z" duration-ms="582" status="PASS">
          <reporter-output>
          </reporter-output>
        </test-method> <!-- tearDown -->
        <test-method is-config="true" signature="setUp()[pri:0, instance:com.crm.qa.testcases.LoginPageTest@6f3b5d16]" started-at="2019-11-05T22:04:55Z" name="setUp" finished-at="2019-11-05T22:05:07Z" duration-ms="11301" status="PASS">
          <reporter-output>
          </reporter-output>
        </test-method> <!-- setUp -->
        <test-method signature="loginTest()[pri:2, instance:com.crm.qa.testcases.LoginPageTest@6f3b5d16]" started-at="2019-11-05T22:05:07Z" name="loginTest" finished-at="2019-11-05T22:05:07Z" duration-ms="241" status="PASS">
          <reporter-output>
          </reporter-output>
        </test-method> <!-- loginTest -->
        <test-method is-config="true" signature="tearDown()[pri:0, instance:com.crm.qa.testcases.LoginPageTest@6f3b5d16]" started-at="2019-11-05T22:05:07Z" name="tearDown" finished-at="2019-11-05T22:05:07Z" duration-ms="575" status="PASS">
          <reporter-output>
          </reporter-output>
        </test-method> <!-- tearDown -->
      </class> <!-- com.crm.qa.testcases.LoginPageTest -->
    </test> <!-- Default test -->
  </suite> <!-- Default suite -->
</testng-results>
